app/build/outputs/logs/manifest-merger-debug-report.txt
-- Merging decision tree log ---
manifest
ADDED from src\main\AndroidManifest.xml:2:1-55:12
	xmlns:android
		ADDED from src\main\AndroidManifest.xml:2:11-69
	package
		ADDED from src\main\AndroidManifest.xml:3:5-31
		INJECTED from src\main\AndroidManifest.xml
		INJECTED from src\main\AndroidManifest.xml
	android:versionName
		ADDED from src\main\AndroidManifest.xml:5:5-30
	android:versionCode
		ADDED from src\main\AndroidManifest.xml:4:5-28
		INJECTED from src\main\AndroidManifest.xml
		INJECTED from src\main\AndroidManifest.xml
uses-permission#android.permission.READ_PHONE_STATE
ADDED from src\main\AndroidManifest.xml:6:5-75
	android:name
		ADDED from src\main\AndroidManifest.xml:6:22-72
uses-permission#android.permission.INTERNET
ADDED from src\main\AndroidManifest.xml:8:5-67
MERGED from [com.google.android.gms:play-services-ads:7.8.0] AndroidManifest.xml:20:5-66
MERGED from [com.google.android.gms:play-services-analytics:7.8.0] AndroidManifest.xml:21:5-67
MERGED from [com.google.android.gms:play-services-analytics:7.8.0] AndroidManifest.xml:21:5-67
MERGED from [com.google.android.gms:play-services-appinvite:7.8.0] AndroidManifest.xml:19:5-67
MERGED from [com.google.android.gms:play-services-maps:7.8.0] AndroidManifest.xml:21:5-66
MERGED from [com.google.android.gms:play-services-gcm:7.8.0] AndroidManifest.xml:22:5-67
MERGED from [com.google.android.gms:play-services-maps:7.8.0] AndroidManifest.xml:21:5-66
MERGED from [com.google.android.gms:play-services-maps:7.8.0] AndroidManifest.xml:21:5-66
MERGED from [com.google.android.gms:play-services-wallet:7.8.0] AndroidManifest.xml:20:5-66
MERGED from [com.google.android.gms:play-services-maps:7.8.0] AndroidManifest.xml:21:5-66
	android:name
		ADDED from src\main\AndroidManifest.xml:8:22-64
uses-permission#android.permission.ACCESS_NETWORK_STATE
ADDED from src\main\AndroidManifest.xml:9:5-79
MERGED from [com.google.android.gms:play-services-ads:7.8.0] AndroidManifest.xml:21:5-78
MERGED from [com.google.android.gms:play-services-analytics:7.8.0] AndroidManifest.xml:22:5-79
MERGED from [com.google.android.gms:play-services-analytics:7.8.0] AndroidManifest.xml:22:5-79
MERGED from [com.google.android.gms:play-services-maps:7.8.0] AndroidManifest.xml:20:5-78
MERGED from [com.google.android.gms:play-services-maps:7.8.0] AndroidManifest.xml:20:5-78
MERGED from [com.google.android.gms:play-services-maps:7.8.0] AndroidManifest.xml:20:5-78
MERGED from [com.google.android.gms:play-services-nearby:7.8.0] AndroidManifest.xml:19:5-79
MERGED from [com.google.android.gms:play-services-maps:7.8.0] AndroidManifest.xml:20:5-78
	android:name
		ADDED from src\main\AndroidManifest.xml:9:22-76
uses-permission#android.permission.RECORD_AUDIO
ADDED from src\main\AndroidManifest.xml:10:5-71
	android:name
		ADDED from src\main\AndroidManifest.xml:10:22-68
uses-permission#android.permission.MODIFY_AUDIO_SETTINGS
ADDED from src\main\AndroidManifest.xml:11:5-80
	android:name
		ADDED from src\main\AndroidManifest.xml:11:22-77
uses-permission#android.permission.WRITE_EXTERNAL_STORAGE
ADDED from src\main\AndroidManifest.xml:12:5-81
MERGED from [com.google.android.gms:play-services-maps:7.8.0] AndroidManifest.xml:22:5-80
MERGED from [com.google.android.gms:play-services-maps:7.8.0] AndroidManifest.xml:22:5-80
MERGED from [com.google.android.gms:play-services-maps:7.8.0] AndroidManifest.xml:22:5-80
MERGED from [com.google.android.gms:play-services-maps:7.8.0] AndroidManifest.xml:22:5-80
	android:name
		ADDED from src\main\AndroidManifest.xml:12:22-78
uses-permission#android.permission.READ_EXTERNAL_STORAGE
ADDED from src\main\AndroidManifest.xml:13:5-80
	android:name
		ADDED from src\main\AndroidManifest.xml:13:22-77
uses-sdk
ADDED from src\main\AndroidManifest.xml:15:5-17:41
MERGED from [com.android.support:support-v4:23.0.1] AndroidManifest.xml:20:5-43
MERGED from [com.google.android.gms:play-services:7.8.0] AndroidManifest.xml:18:5-42
MERGED from [com.google.android.gms:play-services-ads:7.8.0] AndroidManifest.xml:23:5-42
MERGED from [com.google.android.gms:play-services-base:7.8.0] AndroidManifest.xml:18:5-42
MERGED from [com.android.support:support-v4:23.0.1] AndroidManifest.xml:20:5-43
MERGED from [com.google.android.gms:play-services-analytics:7.8.0] AndroidManifest.xml:18:5-42
MERGED from [com.google.android.gms:play-services-base:7.8.0] AndroidManifest.xml:18:5-42
MERGED from [com.android.support:support-v4:23.0.1] AndroidManifest.xml:20:5-43
MERGED from [com.google.android.gms:play-services-appindexing:7.8.0] AndroidManifest.xml:18:5-42
MERGED from [com.google.android.gms:play-services-base:7.8.0] AndroidManifest.xml:18:5-42
MERGED from [com.android.support:support-v4:23.0.1] AndroidManifest.xml:20:5-43
MERGED from [com.google.android.gms:play-services-analytics:7.8.0] AndroidManifest.xml:18:5-42
MERGED from [com.google.android.gms:play-services-base:7.8.0] AndroidManifest.xml:18:5-42
MERGED from [com.android.support:support-v4:23.0.1] AndroidManifest.xml:20:5-43
MERGED from [com.google.android.gms:play-services-appindexing:7.8.0] AndroidManifest.xml:18:5-42
MERGED from [com.google.android.gms:play-services-base:7.8.0] AndroidManifest.xml:18:5-42
MERGED from [com.android.support:support-v4:23.0.1] AndroidManifest.xml:20:5-43
MERGED from [com.google.android.gms:play-services-appinvite:7.8.0] AndroidManifest.xml:18:5-42
MERGED from [com.google.android.gms:play-services-base:7.8.0] AndroidManifest.xml:18:5-42
MERGED from [com.android.support:support-v4:23.0.1] AndroidManifest.xml:20:5-43
MERGED from [com.google.android.gms:play-services-appstate:7.8.0] AndroidManifest.xml:18:5-42
MERGED from [com.google.android.gms:play-services-base:7.8.0] AndroidManifest.xml:18:5-42
MERGED from [com.android.support:support-v4:23.0.1] AndroidManifest.xml:20:5-43
MERGED from [com.google.android.gms:play-services-base:7.8.0] AndroidManifest.xml:18:5-42
MERGED from [com.android.support:support-v4:23.0.1] AndroidManifest.xml:20:5-43
MERGED from [com.google.android.gms:play-services-cast:7.8.0] AndroidManifest.xml:18:5-42
MERGED from [com.google.android.gms:play-services-base:7.8.0] AndroidManifest.xml:18:5-42
MERGED from [com.android.support:support-v4:23.0.1] AndroidManifest.xml:20:5-43
MERGED from [com.android.support:mediarouter-v7:22.2.0] AndroidManifest.xml:20:5-43
MERGED from [com.android.support:appcompat-v7:22.2.0] AndroidManifest.xml:20:5-43
MERGED from [com.android.support:support-v4:23.0.1] AndroidManifest.xml:20:5-43
MERGED from [com.google.android.gms:play-services-drive:7.8.0] AndroidManifest.xml:18:5-42
MERGED from [com.google.android.gms:play-services-base:7.8.0] AndroidManifest.xml:18:5-42
MERGED from [com.android.support:support-v4:23.0.1] AndroidManifest.xml:20:5-43
MERGED from [com.google.android.gms:play-services-fitness:7.8.0] AndroidManifest.xml:18:5-42
MERGED from [com.google.android.gms:play-services-base:7.8.0] AndroidManifest.xml:18:5-42
MERGED from [com.android.support:support-v4:23.0.1] AndroidManifest.xml:20:5-43
MERGED from [com.google.android.gms:play-services-location:7.8.0] AndroidManifest.xml:18:5-42
MERGED from [com.google.android.gms:play-services-base:7.8.0] AndroidManifest.xml:18:5-42
MERGED from [com.android.support:support-v4:23.0.1] AndroidManifest.xml:20:5-43
MERGED from [com.google.android.gms:play-services-maps:7.8.0] AndroidManifest.xml:27:5-42
MERGED from [com.google.android.gms:play-services-base:7.8.0] AndroidManifest.xml:18:5-42
MERGED from [com.android.support:support-v4:23.0.1] AndroidManifest.xml:20:5-43
MERGED from [com.google.android.gms:play-services-games:7.8.0] AndroidManifest.xml:18:5-42
MERGED from [com.google.android.gms:play-services-base:7.8.0] AndroidManifest.xml:18:5-42
MERGED from [com.android.support:support-v4:23.0.1] AndroidManifest.xml:20:5-43
MERGED from [com.google.android.gms:play-services-drive:7.8.0] AndroidManifest.xml:18:5-42
MERGED from [com.google.android.gms:play-services-base:7.8.0] AndroidManifest.xml:18:5-42
MERGED from [com.android.support:support-v4:23.0.1] AndroidManifest.xml:20:5-43
MERGED from [com.google.android.gms:play-services-gcm:7.8.0] AndroidManifest.xml:18:5-42
MERGED from [com.google.android.gms:play-services-base:7.8.0] AndroidManifest.xml:18:5-42
MERGED from [com.android.support:support-v4:23.0.1] AndroidManifest.xml:20:5-43
MERGED from [com.google.android.gms:play-services-identity:7.8.0] AndroidManifest.xml:18:5-42
MERGED from [com.google.android.gms:play-services-base:7.8.0] AndroidManifest.xml:18:5-42
MERGED from [com.android.support:support-v4:23.0.1] AndroidManifest.xml:20:5-43
MERGED from [com.google.android.gms:play-services-location:7.8.0] AndroidManifest.xml:18:5-42
MERGED from [com.google.android.gms:play-services-base:7.8.0] AndroidManifest.xml:18:5-42
MERGED from [com.android.support:support-v4:23.0.1] AndroidManifest.xml:20:5-43
MERGED from [com.google.android.gms:play-services-maps:7.8.0] AndroidManifest.xml:27:5-42
MERGED from [com.google.android.gms:play-services-base:7.8.0] AndroidManifest.xml:18:5-42
MERGED from [com.android.support:support-v4:23.0.1] AndroidManifest.xml:20:5-43
MERGED from [com.google.android.gms:play-services-maps:7.8.0] AndroidManifest.xml:27:5-42
MERGED from [com.google.android.gms:play-services-base:7.8.0] AndroidManifest.xml:18:5-42
MERGED from [com.android.support:support-v4:23.0.1] AndroidManifest.xml:20:5-43
MERGED from [com.google.android.gms:play-services-nearby:7.8.0] AndroidManifest.xml:18:5-42
MERGED from [com.google.android.gms:play-services-base:7.8.0] AndroidManifest.xml:18:5-42
MERGED from [com.android.support:support-v4:23.0.1] AndroidManifest.xml:20:5-43
MERGED from [com.google.android.gms:play-services-panorama:7.8.0] AndroidManifest.xml:18:5-42
MERGED from [com.google.android.gms:play-services-base:7.8.0] AndroidManifest.xml:18:5-42
MERGED from [com.android.support:support-v4:23.0.1] AndroidManifest.xml:20:5-43
MERGED from [com.google.android.gms:play-services-plus:7.8.0] AndroidManifest.xml:18:5-42
MERGED from [com.google.android.gms:play-services-base:7.8.0] AndroidManifest.xml:18:5-42
MERGED from [com.android.support:support-v4:23.0.1] AndroidManifest.xml:20:5-43
MERGED from [com.google.android.gms:play-services-safetynet:7.8.0] AndroidManifest.xml:18:5-42
MERGED from [com.google.android.gms:play-services-base:7.8.0] AndroidManifest.xml:18:5-42
MERGED from [com.android.support:support-v4:23.0.1] AndroidManifest.xml:20:5-43
MERGED from [com.google.android.gms:play-services-vision:7.8.0] AndroidManifest.xml:4:5-42
MERGED from [com.google.android.gms:play-services-base:7.8.0] AndroidManifest.xml:18:5-42
MERGED from [com.android.support:support-v4:23.0.1] AndroidManifest.xml:20:5-43
MERGED from [com.google.android.gms:play-services-wallet:7.8.0] AndroidManifest.xml:19:5-42
MERGED from [com.google.android.gms:play-services-base:7.8.0] AndroidManifest.xml:18:5-42
MERGED from [com.android.support:support-v4:23.0.1] AndroidManifest.xml:20:5-43
MERGED from [com.google.android.gms:play-services-identity:7.8.0] AndroidManifest.xml:18:5-42
MERGED from [com.google.android.gms:play-services-base:7.8.0] AndroidManifest.xml:18:5-42
MERGED from [com.android.support:support-v4:23.0.1] AndroidManifest.xml:20:5-43
MERGED from [com.google.android.gms:play-services-maps:7.8.0] AndroidManifest.xml:27:5-42
MERGED from [com.google.android.gms:play-services-base:7.8.0] AndroidManifest.xml:18:5-42
MERGED from [com.android.support:support-v4:23.0.1] AndroidManifest.xml:20:5-43
MERGED from [com.google.android.gms:play-services-wearable:7.8.0] AndroidManifest.xml:18:5-42
MERGED from [com.google.android.gms:play-services-base:7.8.0] AndroidManifest.xml:18:5-42
MERGED from [com.android.support:support-v4:23.0.1] AndroidManifest.xml:20:5-43
	android:targetSdkVersion
		ADDED from src\main\AndroidManifest.xml:17:9-38
		INJECTED from src\main\AndroidManifest.xml
		INJECTED from src\main\AndroidManifest.xml
	android:minSdkVersion
		ADDED from src\main\AndroidManifest.xml:16:9-35
		INJECTED from src\main\AndroidManifest.xml
		INJECTED from src\main\AndroidManifest.xml
supports-screens
ADDED from src\main\AndroidManifest.xml:19:5-25:40
	android:resizeable
		ADDED from src\main\AndroidManifest.xml:23:9-34
	android:largeScreens
		ADDED from src\main\AndroidManifest.xml:21:9-36
	android:anyDensity
		ADDED from src\main\AndroidManifest.xml:20:9-34
	android:normalScreens
		ADDED from src\main\AndroidManifest.xml:22:9-37
	android:xlargeScreens
		ADDED from src\main\AndroidManifest.xml:25:9-37
	android:smallScreens
		ADDED from src\main\AndroidManifest.xml:24:9-36
application
ADDED from src\main\AndroidManifest.xml:27:5-53:19
MERGED from [com.android.support:support-v4:23.0.1] AndroidManifest.xml:22:5-20
MERGED from [com.google.android.gms:play-services:7.8.0] AndroidManifest.xml:19:5-20
MERGED from [com.google.android.gms:play-services-ads:7.8.0] AndroidManifest.xml:24:5-32:19
MERGED from [com.google.android.gms:play-services-base:7.8.0] AndroidManifest.xml:20:5-24:19
MERGED from [com.android.support:support-v4:23.0.1] AndroidManifest.xml:22:5-20
MERGED from [com.google.android.gms:play-services-analytics:7.8.0] AndroidManifest.xml:24:5-20
MERGED from [com.google.android.gms:play-services-base:7.8.0] AndroidManifest.xml:20:5-24:19
MERGED from [com.android.support:support-v4:23.0.1] AndroidManifest.xml:22:5-20
MERGED from [com.google.android.gms:play-services-appindexing:7.8.0] AndroidManifest.xml:19:5-20
MERGED from [com.google.android.gms:play-services-base:7.8.0] AndroidManifest.xml:20:5-24:19
MERGED from [com.android.support:support-v4:23.0.1] AndroidManifest.xml:22:5-20
MERGED from [com.google.android.gms:play-services-analytics:7.8.0] AndroidManifest.xml:24:5-20
MERGED from [com.google.android.gms:play-services-base:7.8.0] AndroidManifest.xml:20:5-24:19
MERGED from [com.android.support:support-v4:23.0.1] AndroidManifest.xml:22:5-20
MERGED from [com.google.android.gms:play-services-appindexing:7.8.0] AndroidManifest.xml:19:5-20
MERGED from [com.google.android.gms:play-services-base:7.8.0] AndroidManifest.xml:20:5-24:19
MERGED from [com.android.support:support-v4:23.0.1] AndroidManifest.xml:22:5-20
MERGED from [com.google.android.gms:play-services-appinvite:7.8.0] AndroidManifest.xml:20:5-20
MERGED from [com.google.android.gms:play-services-base:7.8.0] AndroidManifest.xml:20:5-24:19
MERGED from [com.android.support:support-v4:23.0.1] AndroidManifest.xml:22:5-20
MERGED from [com.google.android.gms:play-services-appstate:7.8.0] AndroidManifest.xml:19:5-20
MERGED from [com.google.android.gms:play-services-base:7.8.0] AndroidManifest.xml:20:5-24:19
MERGED from [com.android.support:support-v4:23.0.1] AndroidManifest.xml:22:5-20
MERGED from [com.google.android.gms:play-services-base:7.8.0] AndroidManifest.xml:20:5-24:19
MERGED from [com.android.support:support-v4:23.0.1] AndroidManifest.xml:22:5-20
MERGED from [com.google.android.gms:play-services-cast:7.8.0] AndroidManifest.xml:19:5-20
MERGED from [com.google.android.gms:play-services-base:7.8.0] AndroidManifest.xml:20:5-24:19
MERGED from [com.android.support:support-v4:23.0.1] AndroidManifest.xml:22:5-20
MERGED from [com.android.support:mediarouter-v7:22.2.0] AndroidManifest.xml:22:5-20
MERGED from [com.android.support:appcompat-v7:22.2.0] AndroidManifest.xml:22:5-20
MERGED from [com.android.support:support-v4:23.0.1] AndroidManifest.xml:22:5-20
MERGED from [com.google.android.gms:play-services-drive:7.8.0] AndroidManifest.xml:19:5-20
MERGED from [com.google.android.gms:play-services-base:7.8.0] AndroidManifest.xml:20:5-24:19
MERGED from [com.android.support:support-v4:23.0.1] AndroidManifest.xml:22:5-20
MERGED from [com.google.android.gms:play-services-fitness:7.8.0] AndroidManifest.xml:19:5-20
MERGED from [com.google.android.gms:play-services-base:7.8.0] AndroidManifest.xml:20:5-24:19
MERGED from [com.android.support:support-v4:23.0.1] AndroidManifest.xml:22:5-20
MERGED from [com.google.android.gms:play-services-location:7.8.0] AndroidManifest.xml:19:5-20
MERGED from [com.google.android.gms:play-services-base:7.8.0] AndroidManifest.xml:20:5-24:19
MERGED from [com.android.support:support-v4:23.0.1] AndroidManifest.xml:22:5-20
MERGED from [com.google.android.gms:play-services-maps:7.8.0] AndroidManifest.xml:28:5-20
MERGED from [com.google.android.gms:play-services-base:7.8.0] AndroidManifest.xml:20:5-24:19
MERGED from [com.android.support:support-v4:23.0.1] AndroidManifest.xml:22:5-20
MERGED from [com.google.android.gms:play-services-games:7.8.0] AndroidManifest.xml:19:5-20
MERGED from [com.google.android.gms:play-services-base:7.8.0] AndroidManifest.xml:20:5-24:19
MERGED from [com.android.support:support-v4:23.0.1] AndroidManifest.xml:22:5-20
MERGED from [com.google.android.gms:play-services-drive:7.8.0] AndroidManifest.xml:19:5-20
MERGED from [com.google.android.gms:play-services-base:7.8.0] AndroidManifest.xml:20:5-24:19
MERGED from [com.android.support:support-v4:23.0.1] AndroidManifest.xml:22:5-20
MERGED from [com.google.android.gms:play-services-gcm:7.8.0] AndroidManifest.xml:24:5-20
MERGED from [com.google.android.gms:play-services-base:7.8.0] AndroidManifest.xml:20:5-24:19
MERGED from [com.android.support:support-v4:23.0.1] AndroidManifest.xml:22:5-20
MERGED from [com.google.android.gms:play-services-identity:7.8.0] AndroidManifest.xml:19:5-20
MERGED from [com.google.android.gms:play-services-base:7.8.0] AndroidManifest.xml:20:5-24:19
MERGED from [com.android.support:support-v4:23.0.1] AndroidManifest.xml:22:5-20
MERGED from [com.google.android.gms:play-services-location:7.8.0] AndroidManifest.xml:19:5-20
MERGED from [com.google.android.gms:play-services-base:7.8.0] AndroidManifest.xml:20:5-24:19
MERGED from [com.android.support:support-v4:23.0.1] AndroidManifest.xml:22:5-20
MERGED from [com.google.android.gms:play-services-maps:7.8.0] AndroidManifest.xml:28:5-20
MERGED from [com.google.android.gms:play-services-base:7.8.0] AndroidManifest.xml:20:5-24:19
MERGED from [com.android.support:support-v4:23.0.1] AndroidManifest.xml:22:5-20
MERGED from [com.google.android.gms:play-services-maps:7.8.0] AndroidManifest.xml:28:5-20
MERGED from [com.google.android.gms:play-services-base:7.8.0] AndroidManifest.xml:20:5-24:19
MERGED from [com.android.support:support-v4:23.0.1] AndroidManifest.xml:22:5-20
MERGED from [com.google.android.gms:play-services-nearby:7.8.0] AndroidManifest.xml:20:5-20
MERGED from [com.google.android.gms:play-services-base:7.8.0] AndroidManifest.xml:20:5-24:19
MERGED from [com.android.support:support-v4:23.0.1] AndroidManifest.xml:22:5-20
MERGED from [com.google.android.gms:play-services-panorama:7.8.0] AndroidManifest.xml:19:5-20
MERGED from [com.google.android.gms:play-services-base:7.8.0] AndroidManifest.xml:20:5-24:19
MERGED from [com.android.support:support-v4:23.0.1] AndroidManifest.xml:22:5-20
MERGED from [com.google.android.gms:play-services-plus:7.8.0] AndroidManifest.xml:19:5-20
MERGED from [com.google.android.gms:play-services-base:7.8.0] AndroidManifest.xml:20:5-24:19
MERGED from [com.android.support:support-v4:23.0.1] AndroidManifest.xml:22:5-20
MERGED from [com.google.android.gms:play-services-safetynet:7.8.0] AndroidManifest.xml:19:5-20
MERGED from [com.google.android.gms:play-services-base:7.8.0] AndroidManifest.xml:20:5-24:19
MERGED from [com.android.support:support-v4:23.0.1] AndroidManifest.xml:22:5-20
MERGED from [com.google.android.gms:play-services-vision:7.8.0] AndroidManifest.xml:5:5-20
MERGED from [com.google.android.gms:play-services-base:7.8.0] AndroidManifest.xml:20:5-24:19
MERGED from [com.android.support:support-v4:23.0.1] AndroidManifest.xml:22:5-20
MERGED from [com.google.android.gms:play-services-base:7.8.0] AndroidManifest.xml:20:5-24:19
MERGED from [com.android.support:support-v4:23.0.1] AndroidManifest.xml:22:5-20
MERGED from [com.google.android.gms:play-services-identity:7.8.0] AndroidManifest.xml:19:5-20
MERGED from [com.google.android.gms:play-services-base:7.8.0] AndroidManifest.xml:20:5-24:19
MERGED from [com.android.support:support-v4:23.0.1] AndroidManifest.xml:22:5-20
MERGED from [com.google.android.gms:play-services-maps:7.8.0] AndroidManifest.xml:28:5-20
MERGED from [com.google.android.gms:play-services-base:7.8.0] AndroidManifest.xml:20:5-24:19
MERGED from [com.android.support:support-v4:23.0.1] AndroidManifest.xml:22:5-20
MERGED from [com.google.android.gms:play-services-wearable:7.8.0] AndroidManifest.xml:19:5-20
MERGED from [com.google.android.gms:play-services-base:7.8.0] AndroidManifest.xml:20:5-24:19
MERGED from [com.android.support:support-v4:23.0.1] AndroidManifest.xml:22:5-20
	android:label
		ADDED from src\main\AndroidManifest.xml:30:9-41
	android:allowBackup
		ADDED from src\main\AndroidManifest.xml:28:9-35
	android:icon
		ADDED from src\main\AndroidManifest.xml:29:9-45
	android:theme
		ADDED from src\main\AndroidManifest.xml:31:9-44
meta-data#com.google.android.gms.version
ADDED from src\main\AndroidManifest.xml:34:9-36:69
MERGED from [com.google.android.gms:play-services-base:7.8.0] AndroidManifest.xml:21:9-23:69
MERGED from [com.google.android.gms:play-services-base:7.8.0] AndroidManifest.xml:21:9-23:69
MERGED from [com.google.android.gms:play-services-base:7.8.0] AndroidManifest.xml:21:9-23:69
MERGED from [com.google.android.gms:play-services-base:7.8.0] AndroidManifest.xml:21:9-23:69
MERGED from [com.google.android.gms:play-services-base:7.8.0] AndroidManifest.xml:21:9-23:69
MERGED from [com.google.android.gms:play-services-base:7.8.0] AndroidManifest.xml:21:9-23:69
MERGED from [com.google.android.gms:play-services-base:7.8.0] AndroidManifest.xml:21:9-23:69
MERGED from [com.google.android.gms:play-services-base:7.8.0] AndroidManifest.xml:21:9-23:69
MERGED from [com.google.android.gms:play-services-base:7.8.0] AndroidManifest.xml:21:9-23:69
MERGED from [com.google.android.gms:play-services-base:7.8.0] AndroidManifest.xml:21:9-23:69
MERGED from [com.google.android.gms:play-services-base:7.8.0] AndroidManifest.xml:21:9-23:69
MERGED from [com.google.android.gms:play-services-base:7.8.0] AndroidManifest.xml:21:9-23:69
MERGED from [com.google.android.gms:play-services-base:7.8.0] AndroidManifest.xml:21:9-23:69
MERGED from [com.google.android.gms:play-services-base:7.8.0] AndroidManifest.xml:21:9-23:69
MERGED from [com.google.android.gms:play-services-base:7.8.0] AndroidManifest.xml:21:9-23:69
MERGED from [com.google.android.gms:play-services-base:7.8.0] AndroidManifest.xml:21:9-23:69
MERGED from [com.google.android.gms:play-services-base:7.8.0] AndroidManifest.xml:21:9-23:69
MERGED from [com.google.android.gms:play-services-base:7.8.0] AndroidManifest.xml:21:9-23:69
MERGED from [com.google.android.gms:play-services-base:7.8.0] AndroidManifest.xml:21:9-23:69
MERGED from [com.google.android.gms:play-services-base:7.8.0] AndroidManifest.xml:21:9-23:69
MERGED from [com.google.android.gms:play-services-base:7.8.0] AndroidManifest.xml:21:9-23:69
MERGED from [com.google.android.gms:play-services-base:7.8.0] AndroidManifest.xml:21:9-23:69
MERGED from [com.google.android.gms:play-services-base:7.8.0] AndroidManifest.xml:21:9-23:69
MERGED from [com.google.android.gms:play-services-base:7.8.0] AndroidManifest.xml:21:9-23:69
MERGED from [com.google.android.gms:play-services-base:7.8.0] AndroidManifest.xml:21:9-23:69
MERGED from [com.google.android.gms:play-services-base:7.8.0] AndroidManifest.xml:21:9-23:69
MERGED from [com.google.android.gms:play-services-base:7.8.0] AndroidManifest.xml:21:9-23:69
MERGED from [com.google.android.gms:play-services-base:7.8.0] AndroidManifest.xml:21:9-23:69
MERGED from [com.google.android.gms:play-services-base:7.8.0] AndroidManifest.xml:21:9-23:69
	android:name
		ADDED from src\main\AndroidManifest.xml:35:13-58
	android:value
		ADDED from src\main\AndroidManifest.xml:36:13-66
activity#com.virtual.drum.DrumBeats
ADDED from src\main\AndroidManifest.xml:38:9-47:20
	android:screenOrientation
		ADDED from src\main\AndroidManifest.xml:41:13-50
	android:label
		ADDED from src\main\AndroidManifest.xml:40:13-45
	android:name
		ADDED from src\main\AndroidManifest.xml:39:13-54
intent-filter#android.intent.action.MAIN+android.intent.category.LAUNCHER
ADDED from src\main\AndroidManifest.xml:42:13-46:29
action#android.intent.action.MAIN
ADDED from src\main\AndroidManifest.xml:43:17-69
	android:name
		ADDED from src\main\AndroidManifest.xml:43:25-66
category#android.intent.category.LAUNCHER
ADDED from src\main\AndroidManifest.xml:45:17-77
	android:name
		ADDED from src\main\AndroidManifest.xml:45:27-74
activity#com.google.android.gms.ads.AdActivity
ADDED from src\main\AndroidManifest.xml:49:9-52:64
MERGED from [com.google.android.gms:play-services-ads:7.8.0] AndroidManifest.xml:26:9-29:64
	android:configChanges
		ADDED from src\main\AndroidManifest.xml:51:13-122
	android:theme
		ADDED from src\main\AndroidManifest.xml:52:13-61
	android:name
		ADDED from src\main\AndroidManifest.xml:50:13-65
activity#com.google.android.gms.ads.purchase.InAppPurchaseActivity
ADDED from [com.google.android.gms:play-services-ads:7.8.0] AndroidManifest.xml:30:9-31:52
	android:theme
		ADDED from [com.google.android.gms:play-services-ads:7.8.0] AndroidManifest.xml:31:13-50
	android:name
		ADDED from [com.google.android.gms:play-services-ads:7.8.0] AndroidManifest.xml:30:19-91
uses-feature#0x00020000
ADDED from [com.google.android.gms:play-services-maps:7.8.0] AndroidManifest.xml:23:5-25:33
MERGED from [com.google.android.gms:play-services-maps:7.8.0] AndroidManifest.xml:23:5-25:33
MERGED from [com.google.android.gms:play-services-maps:7.8.0] AndroidManifest.xml:23:5-25:33
MERGED from [com.google.android.gms:play-services-maps:7.8.0] AndroidManifest.xml:23:5-25:33
	android:required
		ADDED from [com.google.android.gms:play-services-maps:7.8.0] AndroidManifest.xml:25:8-31
	android:glEsVersion
		ADDED from [com.google.android.gms:play-services-maps:7.8.0] AndroidManifest.xml:24:8-40
uses-permission#com.google.android.c2dm.permission.RECEIVE
ADDED from [com.google.android.gms:play-services-gcm:7.8.0] AndroidManifest.xml:21:5-82
	android:name
		ADDED from [com.google.android.gms:play-services-gcm:7.8.0] AndroidManifest.xml:21:22-79
uses-permission#android.permission.GET_ACCOUNTS
ADDED from [com.google.android.gms:play-services-wallet:7.8.0] AndroidManifest.xml:21:5-70
	android:name
		ADDED from [com.google.android.gms:play-services-wallet:7.8.0] AndroidManifest.xml:21:22-68
uses-permission#android.permission.USE_CREDENTIALS
ADDED from [com.google.android.gms:play-services-wallet:7.8.0] AndroidManifest.xml:22:5-73
	android:name
		ADDED from [com.google.android.gms:play-services-wallet:7.8.0] AndroidManifest.xml:22:22-71